<?xml version="1.0"?>
<testsuite name="HeadlessChrome 0.0.0 (Mac OS X 10.12.5)" package="unit" timestamp="2017-07-13T14:07:13" id="0" hostname="Jenns-MacBook-Pro.local" tests="4" errors="0" failures="0" time="0.116">
  <properties>
    <property name="browser.fullName" value="Mozilla/5.0 (Macintosh; Intel Mac OS X 10_12_5) AppleWebKit/537.36 (KHTML, like Gecko) HeadlessChrome/59.0.3071.115 Safari/537.36"/>
  </properties>
  <testcase name="AppComponent should create the app" time="0.074" classname="HeadlessChrome_0_0_0_(Mac_OS_X_10_12_5).unit.AppComponent"/>
  <testcase name="JennNavbarComponent should be created" time="0.027" classname="HeadlessChrome_0_0_0_(Mac_OS_X_10_12_5).unit.JennNavbarComponent"/>
  <testcase name="JennNavbarComponent The Component UI should have title as 'Jenn Le'" time="0.015" classname="HeadlessChrome_0_0_0_(Mac_OS_X_10_12_5).unit.JennNavbarComponent"/>
  <testcase name="JennNavbarComponent The Component UI should render title in a navbar-brand" time="0" classname="HeadlessChrome_0_0_0_(Mac_OS_X_10_12_5).unit.JennNavbarComponent">
    <skipped/>
  </testcase>
  <system-out>
    <![CDATA[
]]>
  </system-out>
  <system-err/>
</testsuite>