<?xml version="1.0"?>
<testsuite name="HeadlessChrome 0.0.0 (Mac OS X 10.12.5)" package="unit" timestamp="2017-08-18T02:02:30" id="0" hostname="Jenns-MacBook-Pro.local" tests="9" errors="0" failures="0" time="0.583">
  <properties>
    <property name="browser.fullName" value="Mozilla/5.0 (Macintosh; Intel Mac OS X 10_12_5) AppleWebKit/537.36 (KHTML, like Gecko) HeadlessChrome/60.0.3112.101 Safari/537.36"/>
  </properties>
  <testcase name="AppComponent should create the app" time="0.187" classname="HeadlessChrome_0_0_0_(Mac_OS_X_10_12_5).unit.AppComponent"/>
  <testcase name="JennAboutMeComponent should be created" time="0.023" classname="HeadlessChrome_0_0_0_(Mac_OS_X_10_12_5).unit.JennAboutMeComponent"/>
  <testcase name="JennAboutWorkComponent should be created" time="0.035" classname="HeadlessChrome_0_0_0_(Mac_OS_X_10_12_5).unit.JennAboutWorkComponent"/>
  <testcase name="JennAboutComponent should be created" time="0.055" classname="HeadlessChrome_0_0_0_(Mac_OS_X_10_12_5).unit.JennAboutComponent"/>
  <testcase name="JennFooterComponent should be created" time="0.015" classname="HeadlessChrome_0_0_0_(Mac_OS_X_10_12_5).unit.JennFooterComponent"/>
  <testcase name="JennNavbarComponent should be created" time="0.077" classname="HeadlessChrome_0_0_0_(Mac_OS_X_10_12_5).unit.JennNavbarComponent"/>
  <testcase name="JennNavbarComponent The Component UI should have title as 'Jenn Le'" time="0.073" classname="HeadlessChrome_0_0_0_(Mac_OS_X_10_12_5).unit.JennNavbarComponent"/>
  <testcase name="JennNavbarComponent The Component UI should render title in a navbar-brand" time="0.06" classname="HeadlessChrome_0_0_0_(Mac_OS_X_10_12_5).unit.JennNavbarComponent"/>
  <testcase name="JennNavbarComponent The Component UI should render all the page links as nav-items" time="0.058" classname="HeadlessChrome_0_0_0_(Mac_OS_X_10_12_5).unit.JennNavbarComponent"/>
  <system-out>
    <![CDATA[
]]>
  </system-out>
  <system-err/>
</testsuite>